<?xml version="1.0" encoding="UTF-8"?>
<testsuite name="hello.HelloTest" tests="2" skipped="0" failures="0" errors="0" timestamp="2017-11-08T10:09:53" hostname="tc405-112-16.insa-lyon.fr" time="0.281">
  <properties/>
  <testcase name="check_null" classname="hello.HelloTest" time="0.274"/>
  <testcase name="check" classname="hello.HelloTest" time="0.006"/>
  <system-out><![CDATA[]]></system-out>
  <system-err><![CDATA[]]></system-err>
</testsuite>
